Build started 2014-07-05 11:23:45.
     1>Project "C:\Users\Michal\documents\visual studio 2013\Projects\Snakes, snakes\Snakes\Snakes.vcxproj" on node 2 (Build target(s)).
     1>C:\Program Files (x86)\MSBuild\Microsoft.Cpp\v4.0\V120\Microsoft.CppBuild.targets(935,5): warning MSB8027: Two or more files with the name of moc_qcustomplot.cpp will produce outputs to the same location. This can lead to an incorrect build result.  The files involved are GeneratedFiles\Debug\moc_qcustomplot.cpp, GeneratedFiles\Release\moc_qcustomplot.cpp.
     1>C:\Program Files (x86)\MSBuild\Microsoft.Cpp\v4.0\V120\Microsoft.CppBuild.targets(935,5): warning MSB8027: Two or more files with the name of moc_snakes.cpp will produce outputs to the same location. This can lead to an incorrect build result.  The files involved are GeneratedFiles\Debug\moc_snakes.cpp, GeneratedFiles\Release\moc_snakes.cpp.
     1>ClCompile:
         C:\Program Files (x86)\Microsoft Visual Studio 12.0\VC\bin\x86_amd64\CL.exe /c /I.\GeneratedFiles /I. /IC:\Qt\Qt5.3.1\5.3\msvc2013_64\include /I.\GeneratedFiles\Debug /IC:\Qt\Qt5.3.1\5.3\msvc2013_64\include\QtCore /IC:\Qt\Qt5.3.1\5.3\msvc2013_64\include\QtGui /IC:\Qt\Qt5.3.1\5.3\msvc2013_64\include\QtWidgets /IC:\Qt\Qt5.3.1\5.3\msvc2013_64\include\QtPrintSupport /Zi /nologo /W1 /WX- /Od /D UNICODE /D WIN32 /D WIN64 /D QT_DLL /D QT_CORE_LIB /D QT_GUI_LIB /D QT_WIDGETS_LIB /D QT_PRINTSUPPORT_LIB /Gm- /EHsc /MDd /GS /fp:precise /Zc:wchar_t /Zc:forScope /Fo"x64\Debug\\" /Fd"x64\Debug\vc120.pdb" /Gd /TP /errorReport:prompt GeneratedFiles\Debug\moc_snakes.cpp main.cpp ScriptManager.cpp snakes.cpp
         moc_snakes.cpp
     1>c:\users\michal\documents\visual studio 2013\projects\snakes, snakes\snakes\ScriptManager.h(4): fatal error C1083: Cannot open include file: 'boost\python.hpp': No such file or directory
         main.cpp
     1>Done Building Project "C:\Users\Michal\documents\visual studio 2013\Projects\Snakes, snakes\Snakes\Snakes.vcxproj" (Build target(s)) -- FAILED.

Build FAILED.

Time Elapsed 00:00:09.77
