Build started 2014-07-03 22:49:25.
     1>Project "C:\Users\Michal\documents\visual studio 2013\Projects\Snakes, snakes\PythonEmbedd\PythonEmbedd.vcxproj" on node 2 (Build target(s)).
     1>Link:
         C:\Program Files (x86)\Microsoft Visual Studio 12.0\VC\bin\link.exe /ERRORREPORT:PROMPT /OUT:"C:\Users\Michal\documents\visual studio 2013\Projects\Snakes, snakes\Debug\PythonEmbedd.exe" /INCREMENTAL /NOLOGO /LIBPATH:C:\Python27\libs /LIBPATH:"C:\Python27\boost_1_55_0\lib64-msvc-12.0" kernel32.lib user32.lib gdi32.lib winspool.lib comdlg32.lib advapi32.lib shell32.lib ole32.lib oleaut32.lib uuid.lib odbc32.lib odbccp32.lib python27.lib kernel32.lib user32.lib gdi32.lib winspool.lib comdlg32.lib advapi32.lib shell32.lib ole32.lib oleaut32.lib uuid.lib odbc32.lib odbccp32.lib /MANIFEST /MANIFESTUAC:"level='asInvoker' uiAccess='false'" /manifest:embed /DEBUG /PDB:"C:\Users\Michal\documents\visual studio 2013\Projects\Snakes, snakes\Debug\PythonEmbedd.pdb" /SUBSYSTEM:CONSOLE /TLBID:1 /DYNAMICBASE /NXCOMPAT /IMPLIB:"C:\Users\Michal\documents\visual studio 2013\Projects\Snakes, snakes\Debug\PythonEmbedd.lib" /MACHINE:X86 Debug\PythonEmbedd.obj
         Debug\stdafx.obj
     1>LINK : fatal error LNK1104: cannot open file 'libboost_regex-vc120-mt-gd-1_55.lib'
     1>Done Building Project "C:\Users\Michal\documents\visual studio 2013\Projects\Snakes, snakes\PythonEmbedd\PythonEmbedd.vcxproj" (Build target(s)) -- FAILED.

Build FAILED.

Time Elapsed 00:00:00.50
